Compilation failed:
    source file: '/Users/haithem/workspace/PIM/PimDev/Dev/server/node_modules/opencv-build/opencv/opencv/cmake/checks/cxx11.cpp'
    check option: ''
===== BUILD LOG =====
Change Dir: /Users/haithem/workspace/PIM/PimDev/Dev/server/node_modules/opencv-build/opencv/build/CMakeFiles/CMakeTmp

Run Build Command(s):/usr/bin/make -f Makefile cmTC_0242d/fast && /Applications/Xcode.app/Contents/Developer/usr/bin/make  -f CMakeFiles/cmTC_0242d.dir/build.make CMakeFiles/cmTC_0242d.dir/build
Building CXX object CMakeFiles/cmTC_0242d.dir/cxx11.cpp.o
/Applications/Xcode.app/Contents/Developer/Toolchains/XcodeDefault.xctoolchain/usr/bin/c++   -arch arm64 -isysroot /Applications/Xcode.app/Contents/Developer/Platforms/MacOSX.platform/Developer/SDKs/MacOSX13.1.sdk -mmacosx-version-min=13.0 -fPIE -MD -MT CMakeFiles/cmTC_0242d.dir/cxx11.cpp.o -MF CMakeFiles/cmTC_0242d.dir/cxx11.cpp.o.d -o CMakeFiles/cmTC_0242d.dir/cxx11.cpp.o -c /Users/haithem/workspace/PIM/PimDev/Dev/server/node_modules/opencv-build/opencv/opencv/cmake/checks/cxx11.cpp
/Users/haithem/workspace/PIM/PimDev/Dev/server/node_modules/opencv-build/opencv/opencv/cmake/checks/cxx11.cpp:4:2: error: "C++11 is not supported"
#error "C++11 is not supported"
 ^
/Users/haithem/workspace/PIM/PimDev/Dev/server/node_modules/opencv-build/opencv/opencv/cmake/checks/cxx11.cpp:11:5: warning: 'auto' type specifier is a C++11 extension [-Wc++11-extensions]
    auto res = test();
    ^
1 warning and 1 error generated.
make[1]: *** [CMakeFiles/cmTC_0242d.dir/cxx11.cpp.o] Error 1
make: *** [cmTC_0242d/fast] Error 2


===== END =====

Compilation failed:
    source file: '/Users/haithem/workspace/PIM/PimDev/Dev/server/node_modules/opencv-build/opencv/build/CMakeFiles/CMakeTmp/src.cxx'
    check option: ' -fsigned-char -W -Wall -Werror=return-type -Werror=non-virtual-dtor -Werror=address -Werror=sequence-point -Wformat -Werror=format-security -Wmissing-declarations -Wmissing-prototypes -Wstrict-prototypes -Wundef -Winit-self -Wpointer-arith -Wshadow -Wsign-promo -Wuninitialized -Winit-self -Wno-delete-non-virtual-dtor -Wno-unnamed-type-template-args -Wno-comment -fdiagnostics-show-option -Qunused-arguments -Wno-semicolon-before-method-body -ffunction-sections -fdata-sections   -mfp16-format=ieee'
===== BUILD LOG =====
Change Dir: /Users/haithem/workspace/PIM/PimDev/Dev/server/node_modules/opencv-build/opencv/build/CMakeFiles/CMakeTmp

Run Build Command(s):/usr/bin/make -f Makefile cmTC_4e999/fast && /Applications/Xcode.app/Contents/Developer/usr/bin/make  -f CMakeFiles/cmTC_4e999.dir/build.make CMakeFiles/cmTC_4e999.dir/build
Building CXX object CMakeFiles/cmTC_4e999.dir/src.cxx.o
/Applications/Xcode.app/Contents/Developer/Toolchains/XcodeDefault.xctoolchain/usr/bin/c++   -O3 -DNDEBUG -arch arm64 -isysroot /Applications/Xcode.app/Contents/Developer/Platforms/MacOSX.platform/Developer/SDKs/MacOSX13.1.sdk -mmacosx-version-min=13.0 -fPIE    -fsigned-char -W -Wall -Werror=return-type -Werror=non-virtual-dtor -Werror=address -Werror=sequence-point -Wformat -Werror=format-security -Wmissing-declarations -Wmissing-prototypes -Wstrict-prototypes -Wundef -Winit-self -Wpointer-arith -Wshadow -Wsign-promo -Wuninitialized -Winit-self -Wno-delete-non-virtual-dtor -Wno-unnamed-type-template-args -Wno-comment -fdiagnostics-show-option -Qunused-arguments -Wno-semicolon-before-method-body -ffunction-sections -fdata-sections   -mfp16-format=ieee -MD -MT CMakeFiles/cmTC_4e999.dir/src.cxx.o -MF CMakeFiles/cmTC_4e999.dir/src.cxx.o.d -o CMakeFiles/cmTC_4e999.dir/src.cxx.o -c /Users/haithem/workspace/PIM/PimDev/Dev/server/node_modules/opencv-build/opencv/build/CMakeFiles/CMakeTmp/src.cxx
clang: error: unknown argument: '-mfp16-format=ieee'
make[1]: *** [CMakeFiles/cmTC_4e999.dir/src.cxx.o] Error 1
make: *** [cmTC_4e999/fast] Error 2


===== END =====

Compilation failed:
    source file: '/Users/haithem/workspace/PIM/PimDev/Dev/server/node_modules/opencv-build/opencv/build/CMakeFiles/CMakeTmp/src.c'
    check option: ' -fsigned-char -W -Wall -Werror=return-type -Werror=non-virtual-dtor -Werror=address -Werror=sequence-point -Wformat -Werror=format-security -Wmissing-declarations -Wmissing-prototypes -Wstrict-prototypes -Wundef -Winit-self -Wpointer-arith -Wshadow -Wsign-promo -Wuninitialized -Winit-self -Wno-delete-non-virtual-dtor -Wno-unnamed-type-template-args -Wno-comment -fdiagnostics-show-option -Qunused-arguments -Wno-semicolon-before-method-body -ffunction-sections -fdata-sections   -mfp16-format=ieee'
===== BUILD LOG =====
Change Dir: /Users/haithem/workspace/PIM/PimDev/Dev/server/node_modules/opencv-build/opencv/build/CMakeFiles/CMakeTmp

Run Build Command(s):/usr/bin/make -f Makefile cmTC_234f9/fast && /Applications/Xcode.app/Contents/Developer/usr/bin/make  -f CMakeFiles/cmTC_234f9.dir/build.make CMakeFiles/cmTC_234f9.dir/build
Building C object CMakeFiles/cmTC_234f9.dir/src.c.o
/Applications/Xcode.app/Contents/Developer/Toolchains/XcodeDefault.xctoolchain/usr/bin/cc   -O3 -DNDEBUG -arch arm64 -isysroot /Applications/Xcode.app/Contents/Developer/Platforms/MacOSX.platform/Developer/SDKs/MacOSX13.1.sdk -mmacosx-version-min=13.0 -fPIE    -fsigned-char -W -Wall -Werror=return-type -Werror=non-virtual-dtor -Werror=address -Werror=sequence-point -Wformat -Werror=format-security -Wmissing-declarations -Wmissing-prototypes -Wstrict-prototypes -Wundef -Winit-self -Wpointer-arith -Wshadow -Wsign-promo -Wuninitialized -Winit-self -Wno-delete-non-virtual-dtor -Wno-unnamed-type-template-args -Wno-comment -fdiagnostics-show-option -Qunused-arguments -Wno-semicolon-before-method-body -ffunction-sections -fdata-sections   -mfp16-format=ieee -MD -MT CMakeFiles/cmTC_234f9.dir/src.c.o -MF CMakeFiles/cmTC_234f9.dir/src.c.o.d -o CMakeFiles/cmTC_234f9.dir/src.c.o -c /Users/haithem/workspace/PIM/PimDev/Dev/server/node_modules/opencv-build/opencv/build/CMakeFiles/CMakeTmp/src.c
clang: error: unknown argument: '-mfp16-format=ieee'
make[1]: *** [CMakeFiles/cmTC_234f9.dir/src.c.o] Error 1
make: *** [cmTC_234f9/fast] Error 2


===== END =====

Determining if the include file malloc.h exists failed with the following output:
Change Dir: /Users/haithem/workspace/PIM/PimDev/Dev/server/node_modules/opencv-build/opencv/build/CMakeFiles/CMakeScratch/TryCompile-B934EX

Run Build Command(s):/usr/bin/make -f Makefile cmTC_b7eca/fast && /Applications/Xcode.app/Contents/Developer/usr/bin/make  -f CMakeFiles/cmTC_b7eca.dir/build.make CMakeFiles/cmTC_b7eca.dir/build
Building C object CMakeFiles/cmTC_b7eca.dir/CheckIncludeFile.c.o
/Applications/Xcode.app/Contents/Developer/Toolchains/XcodeDefault.xctoolchain/usr/bin/cc   -fsigned-char -W -Wall -Werror=return-type -Werror=non-virtual-dtor -Werror=address -Werror=sequence-point -Wformat -Werror=format-security -Wmissing-declarations -Wmissing-prototypes -Wstrict-prototypes -Wundef -Winit-self -Wpointer-arith -Wshadow -Wsign-promo -Wuninitialized -Winit-self -Wno-delete-non-virtual-dtor -Wno-unnamed-type-template-args -Wno-comment -fdiagnostics-show-option -Qunused-arguments -Wno-semicolon-before-method-body -ffunction-sections -fdata-sections  -fvisibility=hidden -fvisibility-inlines-hidden  -O3 -DNDEBUG -arch arm64 -isysroot /Applications/Xcode.app/Contents/Developer/Platforms/MacOSX.platform/Developer/SDKs/MacOSX13.1.sdk -mmacosx-version-min=13.0 -fPIE -MD -MT CMakeFiles/cmTC_b7eca.dir/CheckIncludeFile.c.o -MF CMakeFiles/cmTC_b7eca.dir/CheckIncludeFile.c.o.d -o CMakeFiles/cmTC_b7eca.dir/CheckIncludeFile.c.o -c /Users/haithem/workspace/PIM/PimDev/Dev/server/node_modules/opencv-build/opencv/build/CMakeFiles/CMakeScratch/TryCompile-B934EX/CheckIncludeFile.c
/Users/haithem/workspace/PIM/PimDev/Dev/server/node_modules/opencv-build/opencv/build/CMakeFiles/CMakeScratch/TryCompile-B934EX/CheckIncludeFile.c:1:10: fatal error: 'malloc.h' file not found
#include <malloc.h>
         ^~~~~~~~~~
1 error generated.
make[1]: *** [CMakeFiles/cmTC_b7eca.dir/CheckIncludeFile.c.o] Error 1
make: *** [cmTC_b7eca/fast] Error 2



Determining size of off64_t failed with the following output:
Change Dir: /Users/haithem/workspace/PIM/PimDev/Dev/server/node_modules/opencv-build/opencv/build/CMakeFiles/CMakeScratch/TryCompile-oA0IbN

Run Build Command(s):/usr/bin/make -f Makefile cmTC_8c0b0/fast && /Applications/Xcode.app/Contents/Developer/usr/bin/make  -f CMakeFiles/cmTC_8c0b0.dir/build.make CMakeFiles/cmTC_8c0b0.dir/build
Building C object CMakeFiles/cmTC_8c0b0.dir/OFF64_T.c.o
/Applications/Xcode.app/Contents/Developer/Toolchains/XcodeDefault.xctoolchain/usr/bin/cc   -fsigned-char -W -Wall -Werror=return-type -Werror=non-virtual-dtor -Werror=address -Werror=sequence-point -Wformat -Werror=format-security -Wmissing-declarations -Wmissing-prototypes -Wstrict-prototypes -Wundef -Winit-self -Wpointer-arith -Wshadow -Wsign-promo -Wuninitialized -Winit-self -Wno-delete-non-virtual-dtor -Wno-unnamed-type-template-args -Wno-comment -fdiagnostics-show-option -Qunused-arguments -Wno-semicolon-before-method-body -ffunction-sections -fdata-sections  -fvisibility=hidden -fvisibility-inlines-hidden  -O3 -DNDEBUG -arch arm64 -isysroot /Applications/Xcode.app/Contents/Developer/Platforms/MacOSX.platform/Developer/SDKs/MacOSX13.1.sdk -mmacosx-version-min=13.0 -fPIE -MD -MT CMakeFiles/cmTC_8c0b0.dir/OFF64_T.c.o -MF CMakeFiles/cmTC_8c0b0.dir/OFF64_T.c.o.d -o CMakeFiles/cmTC_8c0b0.dir/OFF64_T.c.o -c /Users/haithem/workspace/PIM/PimDev/Dev/server/node_modules/opencv-build/opencv/build/CMakeFiles/CMakeScratch/TryCompile-oA0IbN/OFF64_T.c
/Users/haithem/workspace/PIM/PimDev/Dev/server/node_modules/opencv-build/opencv/build/CMakeFiles/CMakeScratch/TryCompile-oA0IbN/OFF64_T.c:29:12: error: use of undeclared identifier 'off64_t'
  ('0' + ((SIZE / 10000)%10)),
           ^
/Users/haithem/workspace/PIM/PimDev/Dev/server/node_modules/opencv-build/opencv/build/CMakeFiles/CMakeScratch/TryCompile-oA0IbN/OFF64_T.c:27:22: note: expanded from macro 'SIZE'
#define SIZE (sizeof(off64_t))
                     ^
/Users/haithem/workspace/PIM/PimDev/Dev/server/node_modules/opencv-build/opencv/build/CMakeFiles/CMakeScratch/TryCompile-oA0IbN/OFF64_T.c:30:12: error: use of undeclared identifier 'off64_t'
  ('0' + ((SIZE / 1000)%10)),
           ^
/Users/haithem/workspace/PIM/PimDev/Dev/server/node_modules/opencv-build/opencv/build/CMakeFiles/CMakeScratch/TryCompile-oA0IbN/OFF64_T.c:27:22: note: expanded from macro 'SIZE'
#define SIZE (sizeof(off64_t))
                     ^
/Users/haithem/workspace/PIM/PimDev/Dev/server/node_modules/opencv-build/opencv/build/CMakeFiles/CMakeScratch/TryCompile-oA0IbN/OFF64_T.c:31:12: error: use of undeclared identifier 'off64_t'
  ('0' + ((SIZE / 100)%10)),
           ^
/Users/haithem/workspace/PIM/PimDev/Dev/server/node_modules/opencv-build/opencv/build/CMakeFiles/CMakeScratch/TryCompile-oA0IbN/OFF64_T.c:27:22: note: expanded from macro 'SIZE'
#define SIZE (sizeof(off64_t))
                     ^
/Users/haithem/workspace/PIM/PimDev/Dev/server/node_modules/opencv-build/opencv/build/CMakeFiles/CMakeScratch/TryCompile-oA0IbN/OFF64_T.c:32:12: error: use of undeclared identifier 'off64_t'
  ('0' + ((SIZE / 10)%10)),
           ^
/Users/haithem/workspace/PIM/PimDev/Dev/server/node_modules/opencv-build/opencv/build/CMakeFiles/CMakeScratch/TryCompile-oA0IbN/OFF64_T.c:27:22: note: expanded from macro 'SIZE'
#define SIZE (sizeof(off64_t))
                     ^
/Users/haithem/workspace/PIM/PimDev/Dev/server/node_modules/opencv-build/opencv/build/CMakeFiles/CMakeScratch/TryCompile-oA0IbN/OFF64_T.c:33:12: error: use of undeclared identifier 'off64_t'
  ('0' +  (SIZE    % 10)),
           ^
/Users/haithem/workspace/PIM/PimDev/Dev/server/node_modules/opencv-build/opencv/build/CMakeFiles/CMakeScratch/TryCompile-oA0IbN/OFF64_T.c:27:22: note: expanded from macro 'SIZE'
#define SIZE (sizeof(off64_t))
                     ^
5 errors generated.
make[1]: *** [CMakeFiles/cmTC_8c0b0.dir/OFF64_T.c.o] Error 1
make: *** [cmTC_8c0b0/fast] Error 2


OFF64_T.c:
#include <sys/types.h>
#include <stdint.h>
#include <stddef.h>


#undef KEY
#if defined(__i386)
# define KEY '_','_','i','3','8','6'
#elif defined(__x86_64)
# define KEY '_','_','x','8','6','_','6','4'
#elif defined(__PPC64__)
# define KEY '_','_','P','P','C','6','4','_','_'
#elif defined(__ppc64__)
# define KEY '_','_','p','p','c','6','4','_','_'
#elif defined(__PPC__)
# define KEY '_','_','P','P','C','_','_'
#elif defined(__ppc__)
# define KEY '_','_','p','p','c','_','_'
#elif defined(__aarch64__)
# define KEY '_','_','a','a','r','c','h','6','4','_','_'
#elif defined(__ARM_ARCH_7A__)
# define KEY '_','_','A','R','M','_','A','R','C','H','_','7','A','_','_'
#elif defined(__ARM_ARCH_7S__)
# define KEY '_','_','A','R','M','_','A','R','C','H','_','7','S','_','_'
#endif

#define SIZE (sizeof(off64_t))
static char info_size[] =  {'I', 'N', 'F', 'O', ':', 's','i','z','e','[',
  ('0' + ((SIZE / 10000)%10)),
  ('0' + ((SIZE / 1000)%10)),
  ('0' + ((SIZE / 100)%10)),
  ('0' + ((SIZE / 10)%10)),
  ('0' +  (SIZE    % 10)),
  ']',
#ifdef KEY
  ' ','k','e','y','[', KEY, ']',
#endif
  '\0'};

#ifdef __CLASSIC_C__
int main(argc, argv) int argc; char *argv[];
#else
int main(int argc, char *argv[])
#endif
{
  int require = 0;
  require += info_size[argc];
  (void)argv;
  return require;
}


Determining if the include file io.h exists failed with the following output:
Change Dir: /Users/haithem/workspace/PIM/PimDev/Dev/server/node_modules/opencv-build/opencv/build/CMakeFiles/CMakeScratch/TryCompile-hf60ka

Run Build Command(s):/usr/bin/make -f Makefile cmTC_74406/fast && /Applications/Xcode.app/Contents/Developer/usr/bin/make  -f CMakeFiles/cmTC_74406.dir/build.make CMakeFiles/cmTC_74406.dir/build
Building C object CMakeFiles/cmTC_74406.dir/CheckIncludeFile.c.o
/Applications/Xcode.app/Contents/Developer/Toolchains/XcodeDefault.xctoolchain/usr/bin/cc   -fsigned-char -W -Wall -Werror=return-type -Werror=non-virtual-dtor -Werror=address -Werror=sequence-point -Wformat -Werror=format-security -Wmissing-declarations -Wmissing-prototypes -Wstrict-prototypes -Wundef -Winit-self -Wpointer-arith -Wshadow -Wsign-promo -Wuninitialized -Winit-self -Wno-delete-non-virtual-dtor -Wno-unnamed-type-template-args -Wno-comment -fdiagnostics-show-option -Qunused-arguments -Wno-semicolon-before-method-body -ffunction-sections -fdata-sections  -fvisibility=hidden -fvisibility-inlines-hidden  -O3 -DNDEBUG -arch arm64 -isysroot /Applications/Xcode.app/Contents/Developer/Platforms/MacOSX.platform/Developer/SDKs/MacOSX13.1.sdk -mmacosx-version-min=13.0 -fPIE -MD -MT CMakeFiles/cmTC_74406.dir/CheckIncludeFile.c.o -MF CMakeFiles/cmTC_74406.dir/CheckIncludeFile.c.o.d -o CMakeFiles/cmTC_74406.dir/CheckIncludeFile.c.o -c /Users/haithem/workspace/PIM/PimDev/Dev/server/node_modules/opencv-build/opencv/build/CMakeFiles/CMakeScratch/TryCompile-hf60ka/CheckIncludeFile.c
/Users/haithem/workspace/PIM/PimDev/Dev/server/node_modules/opencv-build/opencv/build/CMakeFiles/CMakeScratch/TryCompile-hf60ka/CheckIncludeFile.c:1:10: fatal error: 'io.h' file not found
#include <io.h>
         ^~~~~~
1 error generated.
make[1]: *** [CMakeFiles/cmTC_74406.dir/CheckIncludeFile.c.o] Error 1
make: *** [cmTC_74406/fast] Error 2



Determining size of INT8 failed with the following output:
Change Dir: /Users/haithem/workspace/PIM/PimDev/Dev/server/node_modules/opencv-build/opencv/build/CMakeFiles/CMakeScratch/TryCompile-2swB7g

Run Build Command(s):/usr/bin/make -f Makefile cmTC_7abd5/fast && /Applications/Xcode.app/Contents/Developer/usr/bin/make  -f CMakeFiles/cmTC_7abd5.dir/build.make CMakeFiles/cmTC_7abd5.dir/build
Building C object CMakeFiles/cmTC_7abd5.dir/int8.c.o
/Applications/Xcode.app/Contents/Developer/Toolchains/XcodeDefault.xctoolchain/usr/bin/cc   -fsigned-char -W -Wall -Werror=return-type -Werror=non-virtual-dtor -Werror=address -Werror=sequence-point -Wformat -Werror=format-security -Wmissing-declarations -Wmissing-prototypes -Wstrict-prototypes -Wundef -Winit-self -Wpointer-arith -Wshadow -Wsign-promo -Wuninitialized -Winit-self -Wno-delete-non-virtual-dtor -Wno-unnamed-type-template-args -Wno-comment -fdiagnostics-show-option -Qunused-arguments -Wno-semicolon-before-method-body -ffunction-sections -fdata-sections  -fvisibility=hidden -fvisibility-inlines-hidden  -O3 -DNDEBUG -arch arm64 -isysroot /Applications/Xcode.app/Contents/Developer/Platforms/MacOSX.platform/Developer/SDKs/MacOSX13.1.sdk -mmacosx-version-min=13.0 -fPIE -MD -MT CMakeFiles/cmTC_7abd5.dir/int8.c.o -MF CMakeFiles/cmTC_7abd5.dir/int8.c.o.d -o CMakeFiles/cmTC_7abd5.dir/int8.c.o -c /Users/haithem/workspace/PIM/PimDev/Dev/server/node_modules/opencv-build/opencv/build/CMakeFiles/CMakeScratch/TryCompile-2swB7g/int8.c
/Users/haithem/workspace/PIM/PimDev/Dev/server/node_modules/opencv-build/opencv/build/CMakeFiles/CMakeScratch/TryCompile-2swB7g/int8.c:29:12: error: use of undeclared identifier 'INT8'
  ('0' + ((SIZE / 10000)%10)),
           ^
/Users/haithem/workspace/PIM/PimDev/Dev/server/node_modules/opencv-build/opencv/build/CMakeFiles/CMakeScratch/TryCompile-2swB7g/int8.c:27:22: note: expanded from macro 'SIZE'
#define SIZE (sizeof(INT8))
                     ^
/Users/haithem/workspace/PIM/PimDev/Dev/server/node_modules/opencv-build/opencv/build/CMakeFiles/CMakeScratch/TryCompile-2swB7g/int8.c:30:12: error: use of undeclared identifier 'INT8'
  ('0' + ((SIZE / 1000)%10)),
           ^
/Users/haithem/workspace/PIM/PimDev/Dev/server/node_modules/opencv-build/opencv/build/CMakeFiles/CMakeScratch/TryCompile-2swB7g/int8.c:27:22: note: expanded from macro 'SIZE'
#define SIZE (sizeof(INT8))
                     ^
/Users/haithem/workspace/PIM/PimDev/Dev/server/node_modules/opencv-build/opencv/build/CMakeFiles/CMakeScratch/TryCompile-2swB7g/int8.c:31:12: error: use of undeclared identifier 'INT8'
  ('0' + ((SIZE / 100)%10)),
           ^
/Users/haithem/workspace/PIM/PimDev/Dev/server/node_modules/opencv-build/opencv/build/CMakeFiles/CMakeScratch/TryCompile-2swB7g/int8.c:27:22: note: expanded from macro 'SIZE'
#define SIZE (sizeof(INT8))
                     ^
/Users/haithem/workspace/PIM/PimDev/Dev/server/node_modules/opencv-build/opencv/build/CMakeFiles/CMakeScratch/TryCompile-2swB7g/int8.c:32:12: error: use of undeclared identifier 'INT8'
  ('0' + ((SIZE / 10)%10)),
           ^
/Users/haithem/workspace/PIM/PimDev/Dev/server/node_modules/opencv-build/opencv/build/CMakeFiles/CMakeScratch/TryCompile-2swB7g/int8.c:27:22: note: expanded from macro 'SIZE'
#define SIZE (sizeof(INT8))
                     ^
/Users/haithem/workspace/PIM/PimDev/Dev/server/node_modules/opencv-build/opencv/build/CMakeFiles/CMakeScratch/TryCompile-2swB7g/int8.c:33:12: error: use of undeclared identifier 'INT8'
  ('0' +  (SIZE    % 10)),
           ^
/Users/haithem/workspace/PIM/PimDev/Dev/server/node_modules/opencv-build/opencv/build/CMakeFiles/CMakeScratch/TryCompile-2swB7g/int8.c:27:22: note: expanded from macro 'SIZE'
#define SIZE (sizeof(INT8))
                     ^
5 errors generated.
make[1]: *** [CMakeFiles/cmTC_7abd5.dir/int8.c.o] Error 1
make: *** [cmTC_7abd5/fast] Error 2


int8.c:
#include <sys/types.h>
#include <stdint.h>
#include <stddef.h>


#undef KEY
#if defined(__i386)
# define KEY '_','_','i','3','8','6'
#elif defined(__x86_64)
# define KEY '_','_','x','8','6','_','6','4'
#elif defined(__PPC64__)
# define KEY '_','_','P','P','C','6','4','_','_'
#elif defined(__ppc64__)
# define KEY '_','_','p','p','c','6','4','_','_'
#elif defined(__PPC__)
# define KEY '_','_','P','P','C','_','_'
#elif defined(__ppc__)
# define KEY '_','_','p','p','c','_','_'
#elif defined(__aarch64__)
# define KEY '_','_','a','a','r','c','h','6','4','_','_'
#elif defined(__ARM_ARCH_7A__)
# define KEY '_','_','A','R','M','_','A','R','C','H','_','7','A','_','_'
#elif defined(__ARM_ARCH_7S__)
# define KEY '_','_','A','R','M','_','A','R','C','H','_','7','S','_','_'
#endif

#define SIZE (sizeof(INT8))
static char info_size[] =  {'I', 'N', 'F', 'O', ':', 's','i','z','e','[',
  ('0' + ((SIZE / 10000)%10)),
  ('0' + ((SIZE / 1000)%10)),
  ('0' + ((SIZE / 100)%10)),
  ('0' + ((SIZE / 10)%10)),
  ('0' +  (SIZE    % 10)),
  ']',
#ifdef KEY
  ' ','k','e','y','[', KEY, ']',
#endif
  '\0'};

#ifdef __CLASSIC_C__
int main(argc, argv) int argc; char *argv[];
#else
int main(int argc, char *argv[])
#endif
{
  int require = 0;
  require += info_size[argc];
  (void)argv;
  return require;
}


Determining size of INT16 failed with the following output:
Change Dir: /Users/haithem/workspace/PIM/PimDev/Dev/server/node_modules/opencv-build/opencv/build/CMakeFiles/CMakeScratch/TryCompile-bzQ4V0

Run Build Command(s):/usr/bin/make -f Makefile cmTC_937c8/fast && /Applications/Xcode.app/Contents/Developer/usr/bin/make  -f CMakeFiles/cmTC_937c8.dir/build.make CMakeFiles/cmTC_937c8.dir/build
Building C object CMakeFiles/cmTC_937c8.dir/int16.c.o
/Applications/Xcode.app/Contents/Developer/Toolchains/XcodeDefault.xctoolchain/usr/bin/cc   -fsigned-char -W -Wall -Werror=return-type -Werror=non-virtual-dtor -Werror=address -Werror=sequence-point -Wformat -Werror=format-security -Wmissing-declarations -Wmissing-prototypes -Wstrict-prototypes -Wundef -Winit-self -Wpointer-arith -Wshadow -Wsign-promo -Wuninitialized -Winit-self -Wno-delete-non-virtual-dtor -Wno-unnamed-type-template-args -Wno-comment -fdiagnostics-show-option -Qunused-arguments -Wno-semicolon-before-method-body -ffunction-sections -fdata-sections  -fvisibility=hidden -fvisibility-inlines-hidden  -O3 -DNDEBUG -arch arm64 -isysroot /Applications/Xcode.app/Contents/Developer/Platforms/MacOSX.platform/Developer/SDKs/MacOSX13.1.sdk -mmacosx-version-min=13.0 -fPIE -MD -MT CMakeFiles/cmTC_937c8.dir/int16.c.o -MF CMakeFiles/cmTC_937c8.dir/int16.c.o.d -o CMakeFiles/cmTC_937c8.dir/int16.c.o -c /Users/haithem/workspace/PIM/PimDev/Dev/server/node_modules/opencv-build/opencv/build/CMakeFiles/CMakeScratch/TryCompile-bzQ4V0/int16.c
/Users/haithem/workspace/PIM/PimDev/Dev/server/node_modules/opencv-build/opencv/build/CMakeFiles/CMakeScratch/TryCompile-bzQ4V0/int16.c:29:12: error: use of undeclared identifier 'INT16'
  ('0' + ((SIZE / 10000)%10)),
           ^
/Users/haithem/workspace/PIM/PimDev/Dev/server/node_modules/opencv-build/opencv/build/CMakeFiles/CMakeScratch/TryCompile-bzQ4V0/int16.c:27:22: note: expanded from macro 'SIZE'
#define SIZE (sizeof(INT16))
                     ^
/Users/haithem/workspace/PIM/PimDev/Dev/server/node_modules/opencv-build/opencv/build/CMakeFiles/CMakeScratch/TryCompile-bzQ4V0/int16.c:30:12: error: use of undeclared identifier 'INT16'
  ('0' + ((SIZE / 1000)%10)),
           ^
/Users/haithem/workspace/PIM/PimDev/Dev/server/node_modules/opencv-build/opencv/build/CMakeFiles/CMakeScratch/TryCompile-bzQ4V0/int16.c:27:22: note: expanded from macro 'SIZE'
#define SIZE (sizeof(INT16))
                     ^
/Users/haithem/workspace/PIM/PimDev/Dev/server/node_modules/opencv-build/opencv/build/CMakeFiles/CMakeScratch/TryCompile-bzQ4V0/int16.c:31:12: error: use of undeclared identifier 'INT16'
  ('0' + ((SIZE / 100)%10)),
           ^
/Users/haithem/workspace/PIM/PimDev/Dev/server/node_modules/opencv-build/opencv/build/CMakeFiles/CMakeScratch/TryCompile-bzQ4V0/int16.c:27:22: note: expanded from macro 'SIZE'
#define SIZE (sizeof(INT16))
                     ^
/Users/haithem/workspace/PIM/PimDev/Dev/server/node_modules/opencv-build/opencv/build/CMakeFiles/CMakeScratch/TryCompile-bzQ4V0/int16.c:32:12: error: use of undeclared identifier 'INT16'
  ('0' + ((SIZE / 10)%10)),
           ^
/Users/haithem/workspace/PIM/PimDev/Dev/server/node_modules/opencv-build/opencv/build/CMakeFiles/CMakeScratch/TryCompile-bzQ4V0/int16.c:27:22: note: expanded from macro 'SIZE'
#define SIZE (sizeof(INT16))
                     ^
/Users/haithem/workspace/PIM/PimDev/Dev/server/node_modules/opencv-build/opencv/build/CMakeFiles/CMakeScratch/TryCompile-bzQ4V0/int16.c:33:12: error: use of undeclared identifier 'INT16'
  ('0' +  (SIZE    % 10)),
           ^
/Users/haithem/workspace/PIM/PimDev/Dev/server/node_modules/opencv-build/opencv/build/CMakeFiles/CMakeScratch/TryCompile-bzQ4V0/int16.c:27:22: note: expanded from macro 'SIZE'
#define SIZE (sizeof(INT16))
                     ^
5 errors generated.
make[1]: *** [CMakeFiles/cmTC_937c8.dir/int16.c.o] Error 1
make: *** [cmTC_937c8/fast] Error 2


int16.c:
#include <sys/types.h>
#include <stdint.h>
#include <stddef.h>


#undef KEY
#if defined(__i386)
# define KEY '_','_','i','3','8','6'
#elif defined(__x86_64)
# define KEY '_','_','x','8','6','_','6','4'
#elif defined(__PPC64__)
# define KEY '_','_','P','P','C','6','4','_','_'
#elif defined(__ppc64__)
# define KEY '_','_','p','p','c','6','4','_','_'
#elif defined(__PPC__)
# define KEY '_','_','P','P','C','_','_'
#elif defined(__ppc__)
# define KEY '_','_','p','p','c','_','_'
#elif defined(__aarch64__)
# define KEY '_','_','a','a','r','c','h','6','4','_','_'
#elif defined(__ARM_ARCH_7A__)
# define KEY '_','_','A','R','M','_','A','R','C','H','_','7','A','_','_'
#elif defined(__ARM_ARCH_7S__)
# define KEY '_','_','A','R','M','_','A','R','C','H','_','7','S','_','_'
#endif

#define SIZE (sizeof(INT16))
static char info_size[] =  {'I', 'N', 'F', 'O', ':', 's','i','z','e','[',
  ('0' + ((SIZE / 10000)%10)),
  ('0' + ((SIZE / 1000)%10)),
  ('0' + ((SIZE / 100)%10)),
  ('0' + ((SIZE / 10)%10)),
  ('0' +  (SIZE    % 10)),
  ']',
#ifdef KEY
  ' ','k','e','y','[', KEY, ']',
#endif
  '\0'};

#ifdef __CLASSIC_C__
int main(argc, argv) int argc; char *argv[];
#else
int main(int argc, char *argv[])
#endif
{
  int require = 0;
  require += info_size[argc];
  (void)argv;
  return require;
}


Determining size of INT32 failed with the following output:
Change Dir: /Users/haithem/workspace/PIM/PimDev/Dev/server/node_modules/opencv-build/opencv/build/CMakeFiles/CMakeScratch/TryCompile-AXekjx

Run Build Command(s):/usr/bin/make -f Makefile cmTC_50de9/fast && /Applications/Xcode.app/Contents/Developer/usr/bin/make  -f CMakeFiles/cmTC_50de9.dir/build.make CMakeFiles/cmTC_50de9.dir/build
Building C object CMakeFiles/cmTC_50de9.dir/int32.c.o
/Applications/Xcode.app/Contents/Developer/Toolchains/XcodeDefault.xctoolchain/usr/bin/cc   -fsigned-char -W -Wall -Werror=return-type -Werror=non-virtual-dtor -Werror=address -Werror=sequence-point -Wformat -Werror=format-security -Wmissing-declarations -Wmissing-prototypes -Wstrict-prototypes -Wundef -Winit-self -Wpointer-arith -Wshadow -Wsign-promo -Wuninitialized -Winit-self -Wno-delete-non-virtual-dtor -Wno-unnamed-type-template-args -Wno-comment -fdiagnostics-show-option -Qunused-arguments -Wno-semicolon-before-method-body -ffunction-sections -fdata-sections  -fvisibility=hidden -fvisibility-inlines-hidden  -O3 -DNDEBUG -arch arm64 -isysroot /Applications/Xcode.app/Contents/Developer/Platforms/MacOSX.platform/Developer/SDKs/MacOSX13.1.sdk -mmacosx-version-min=13.0 -fPIE -MD -MT CMakeFiles/cmTC_50de9.dir/int32.c.o -MF CMakeFiles/cmTC_50de9.dir/int32.c.o.d -o CMakeFiles/cmTC_50de9.dir/int32.c.o -c /Users/haithem/workspace/PIM/PimDev/Dev/server/node_modules/opencv-build/opencv/build/CMakeFiles/CMakeScratch/TryCompile-AXekjx/int32.c
/Users/haithem/workspace/PIM/PimDev/Dev/server/node_modules/opencv-build/opencv/build/CMakeFiles/CMakeScratch/TryCompile-AXekjx/int32.c:29:12: error: use of undeclared identifier 'INT32'
  ('0' + ((SIZE / 10000)%10)),
           ^
/Users/haithem/workspace/PIM/PimDev/Dev/server/node_modules/opencv-build/opencv/build/CMakeFiles/CMakeScratch/TryCompile-AXekjx/int32.c:27:22: note: expanded from macro 'SIZE'
#define SIZE (sizeof(INT32))
                     ^
/Users/haithem/workspace/PIM/PimDev/Dev/server/node_modules/opencv-build/opencv/build/CMakeFiles/CMakeScratch/TryCompile-AXekjx/int32.c:30:12: error: use of undeclared identifier 'INT32'
  ('0' + ((SIZE / 1000)%10)),
           ^
/Users/haithem/workspace/PIM/PimDev/Dev/server/node_modules/opencv-build/opencv/build/CMakeFiles/CMakeScratch/TryCompile-AXekjx/int32.c:27:22: note: expanded from macro 'SIZE'
#define SIZE (sizeof(INT32))
                     ^
/Users/haithem/workspace/PIM/PimDev/Dev/server/node_modules/opencv-build/opencv/build/CMakeFiles/CMakeScratch/TryCompile-AXekjx/int32.c:31:12: error: use of undeclared identifier 'INT32'
  ('0' + ((SIZE / 100)%10)),
           ^
/Users/haithem/workspace/PIM/PimDev/Dev/server/node_modules/opencv-build/opencv/build/CMakeFiles/CMakeScratch/TryCompile-AXekjx/int32.c:27:22: note: expanded from macro 'SIZE'
#define SIZE (sizeof(INT32))
                     ^
/Users/haithem/workspace/PIM/PimDev/Dev/server/node_modules/opencv-build/opencv/build/CMakeFiles/CMakeScratch/TryCompile-AXekjx/int32.c:32:12: error: use of undeclared identifier 'INT32'
  ('0' + ((SIZE / 10)%10)),
           ^
/Users/haithem/workspace/PIM/PimDev/Dev/server/node_modules/opencv-build/opencv/build/CMakeFiles/CMakeScratch/TryCompile-AXekjx/int32.c:27:22: note: expanded from macro 'SIZE'
#define SIZE (sizeof(INT32))
                     ^
/Users/haithem/workspace/PIM/PimDev/Dev/server/node_modules/opencv-build/opencv/build/CMakeFiles/CMakeScratch/TryCompile-AXekjx/int32.c:33:12: error: use of undeclared identifier 'INT32'
  ('0' +  (SIZE    % 10)),
           ^
/Users/haithem/workspace/PIM/PimDev/Dev/server/node_modules/opencv-build/opencv/build/CMakeFiles/CMakeScratch/TryCompile-AXekjx/int32.c:27:22: note: expanded from macro 'SIZE'
#define SIZE (sizeof(INT32))
                     ^
5 errors generated.
make[1]: *** [CMakeFiles/cmTC_50de9.dir/int32.c.o] Error 1
make: *** [cmTC_50de9/fast] Error 2


int32.c:
#include <sys/types.h>
#include <stdint.h>
#include <stddef.h>


#undef KEY
#if defined(__i386)
# define KEY '_','_','i','3','8','6'
#elif defined(__x86_64)
# define KEY '_','_','x','8','6','_','6','4'
#elif defined(__PPC64__)
# define KEY '_','_','P','P','C','6','4','_','_'
#elif defined(__ppc64__)
# define KEY '_','_','p','p','c','6','4','_','_'
#elif defined(__PPC__)
# define KEY '_','_','P','P','C','_','_'
#elif defined(__ppc__)
# define KEY '_','_','p','p','c','_','_'
#elif defined(__aarch64__)
# define KEY '_','_','a','a','r','c','h','6','4','_','_'
#elif defined(__ARM_ARCH_7A__)
# define KEY '_','_','A','R','M','_','A','R','C','H','_','7','A','_','_'
#elif defined(__ARM_ARCH_7S__)
# define KEY '_','_','A','R','M','_','A','R','C','H','_','7','S','_','_'
#endif

#define SIZE (sizeof(INT32))
static char info_size[] =  {'I', 'N', 'F', 'O', ':', 's','i','z','e','[',
  ('0' + ((SIZE / 10000)%10)),
  ('0' + ((SIZE / 1000)%10)),
  ('0' + ((SIZE / 100)%10)),
  ('0' + ((SIZE / 10)%10)),
  ('0' +  (SIZE    % 10)),
  ']',
#ifdef KEY
  ' ','k','e','y','[', KEY, ']',
#endif
  '\0'};

#ifdef __CLASSIC_C__
int main(argc, argv) int argc; char *argv[];
#else
int main(int argc, char *argv[])
#endif
{
  int require = 0;
  require += info_size[argc];
  (void)argv;
  return require;
}


Build output check failed:
    Regex: 'unknown .*option'
    Output line: 'warning: unknown warning option '-Wno-maybe-uninitialized', did you mean '-Wno-uninitialized'? [-Wunknown-warning-option]'
Compilation failed:
    source file: '/Users/haithem/workspace/PIM/PimDev/Dev/server/node_modules/opencv-build/opencv/build/CMakeFiles/CMakeTmp/src.c'
    check option: ' -Wno-maybe-uninitialized'
===== BUILD LOG =====
Change Dir: /Users/haithem/workspace/PIM/PimDev/Dev/server/node_modules/opencv-build/opencv/build/CMakeFiles/CMakeTmp

Run Build Command(s):/usr/bin/make -f Makefile cmTC_7c693/fast && /Applications/Xcode.app/Contents/Developer/usr/bin/make  -f CMakeFiles/cmTC_7c693.dir/build.make CMakeFiles/cmTC_7c693.dir/build
Building C object CMakeFiles/cmTC_7c693.dir/src.c.o
/Applications/Xcode.app/Contents/Developer/Toolchains/XcodeDefault.xctoolchain/usr/bin/cc   -fsigned-char -W -Wall -Werror=return-type -Werror=non-virtual-dtor -Werror=address -Werror=sequence-point -Wformat -Werror=format-security -Wstrict-prototypes -Winit-self -Wpointer-arith -Wsign-promo -Wuninitialized -Winit-self -Wno-delete-non-virtual-dtor -Wno-unnamed-type-template-args -Wno-comment -fdiagnostics-show-option -Qunused-arguments -Wno-semicolon-before-method-body -ffunction-sections -fdata-sections  -fvisibility=hidden -fvisibility-inlines-hidden -Wno-unused-but-set-variable -Wno-missing-prototypes -Wno-missing-declarations -Wno-undef -Wno-unused -Wno-sign-compare -Wno-cast-align -Wno-shadow  -O3 -DNDEBUG -arch arm64 -isysroot /Applications/Xcode.app/Contents/Developer/Platforms/MacOSX.platform/Developer/SDKs/MacOSX13.1.sdk -mmacosx-version-min=13.0 -fPIE    -Wno-maybe-uninitialized -MD -MT CMakeFiles/cmTC_7c693.dir/src.c.o -MF CMakeFiles/cmTC_7c693.dir/src.c.o.d -o CMakeFiles/cmTC_7c693.dir/src.c.o -c /Users/haithem/workspace/PIM/PimDev/Dev/server/node_modules/opencv-build/opencv/build/CMakeFiles/CMakeTmp/src.c
warning: unknown warning option '-Wno-maybe-uninitialized'; did you mean '-Wno-uninitialized'? [-Wunknown-warning-option]
/Users/haithem/workspace/PIM/PimDev/Dev/server/node_modules/opencv-build/opencv/build/CMakeFiles/CMakeTmp/src.c:1:8: warning: unknown pragma ignored [-Wunknown-pragmas]
#pragma
       ^
2 warnings generated.
Linking C executable cmTC_7c693
/opt/homebrew/Cellar/cmake/3.25.2/bin/cmake -E cmake_link_script CMakeFiles/cmTC_7c693.dir/link.txt --verbose=1
/Applications/Xcode.app/Contents/Developer/Toolchains/XcodeDefault.xctoolchain/usr/bin/cc    -fsigned-char -W -Wall -Werror=return-type -Werror=non-virtual-dtor -Werror=address -Werror=sequence-point -Wformat -Werror=format-security -Wstrict-prototypes -Winit-self -Wpointer-arith -Wsign-promo -Wuninitialized -Winit-self -Wno-delete-non-virtual-dtor -Wno-unnamed-type-template-args -Wno-comment -fdiagnostics-show-option -Qunused-arguments -Wno-semicolon-before-method-body -ffunction-sections -fdata-sections  -fvisibility=hidden -fvisibility-inlines-hidden -Wno-unused-but-set-variable -Wno-missing-prototypes -Wno-missing-declarations -Wno-undef -Wno-unused -Wno-sign-compare -Wno-cast-align -Wno-shadow  -O3 -DNDEBUG -arch arm64 -isysroot /Applications/Xcode.app/Contents/Developer/Platforms/MacOSX.platform/Developer/SDKs/MacOSX13.1.sdk -mmacosx-version-min=13.0 -Wl,-search_paths_first -Wl,-headerpad_max_install_names   -Wl,-dead_strip  CMakeFiles/cmTC_7c693.dir/src.c.o -o cmTC_7c693 


===== END =====

Determining if the function sgemm_ exists failed with the following output:
Change Dir: /Users/haithem/workspace/PIM/PimDev/Dev/server/node_modules/opencv-build/opencv/build/CMakeFiles/CMakeScratch/TryCompile-IKRmBC

Run Build Command(s):/usr/bin/make -f Makefile cmTC_1a57b/fast && /Applications/Xcode.app/Contents/Developer/usr/bin/make  -f CMakeFiles/cmTC_1a57b.dir/build.make CMakeFiles/cmTC_1a57b.dir/build
Building C object CMakeFiles/cmTC_1a57b.dir/CheckFunctionExists.c.o
/Applications/Xcode.app/Contents/Developer/Toolchains/XcodeDefault.xctoolchain/usr/bin/cc   -fsigned-char -W -Wall -Werror=return-type -Werror=non-virtual-dtor -Werror=address -Werror=sequence-point -Wformat -Werror=format-security -Wmissing-declarations -Wmissing-prototypes -Wstrict-prototypes -Wundef -Winit-self -Wpointer-arith -Wshadow -Wsign-promo -Wuninitialized -Winit-self -Wno-delete-non-virtual-dtor -Wno-unnamed-type-template-args -Wno-comment -fdiagnostics-show-option -Qunused-arguments -Wno-semicolon-before-method-body -ffunction-sections -fdata-sections  -fvisibility=hidden -fvisibility-inlines-hidden -DCHECK_FUNCTION_EXISTS=sgemm_ -O3 -DNDEBUG -arch arm64 -isysroot /Applications/Xcode.app/Contents/Developer/Platforms/MacOSX.platform/Developer/SDKs/MacOSX13.1.sdk -mmacosx-version-min=13.0 -fPIE -MD -MT CMakeFiles/cmTC_1a57b.dir/CheckFunctionExists.c.o -MF CMakeFiles/cmTC_1a57b.dir/CheckFunctionExists.c.o.d -o CMakeFiles/cmTC_1a57b.dir/CheckFunctionExists.c.o -c /Users/haithem/workspace/PIM/PimDev/Dev/server/node_modules/opencv-build/opencv/build/CMakeFiles/CMakeScratch/TryCompile-IKRmBC/CheckFunctionExists.c
Linking C executable cmTC_1a57b
/opt/homebrew/Cellar/cmake/3.25.2/bin/cmake -E cmake_link_script CMakeFiles/cmTC_1a57b.dir/link.txt --verbose=1
/Applications/Xcode.app/Contents/Developer/Toolchains/XcodeDefault.xctoolchain/usr/bin/cc    -fsigned-char -W -Wall -Werror=return-type -Werror=non-virtual-dtor -Werror=address -Werror=sequence-point -Wformat -Werror=format-security -Wmissing-declarations -Wmissing-prototypes -Wstrict-prototypes -Wundef -Winit-self -Wpointer-arith -Wshadow -Wsign-promo -Wuninitialized -Winit-self -Wno-delete-non-virtual-dtor -Wno-unnamed-type-template-args -Wno-comment -fdiagnostics-show-option -Qunused-arguments -Wno-semicolon-before-method-body -ffunction-sections -fdata-sections  -fvisibility=hidden -fvisibility-inlines-hidden -DCHECK_FUNCTION_EXISTS=sgemm_ -O3 -DNDEBUG -arch arm64 -isysroot /Applications/Xcode.app/Contents/Developer/Platforms/MacOSX.platform/Developer/SDKs/MacOSX13.1.sdk -mmacosx-version-min=13.0 -Wl,-search_paths_first -Wl,-headerpad_max_install_names   -Wl,-dead_strip  CMakeFiles/cmTC_1a57b.dir/CheckFunctionExists.c.o -o cmTC_1a57b 
Undefined symbols for architecture arm64:
  "_sgemm_", referenced from:
      _main in CheckFunctionExists.c.o
ld: symbol(s) not found for architecture arm64
clang: error: linker command failed with exit code 1 (use -v to see invocation)
make[1]: *** [cmTC_1a57b] Error 1
make: *** [cmTC_1a57b/fast] Error 2



